0 info it worked if it ends with ok
1 verbose cli [ '/usr/local/bin/node',
1 verbose cli   '/usr/local/bin/npm',
1 verbose cli   'install',
1 verbose cli   'subdocument',
1 verbose cli   '--save' ]
2 info using npm@2.14.4
3 info using node@v4.1.1
4 verbose install initial load of /Users/elizabeththomas/tempMySite/MySite/package.json
5 warn package.json your-blog@1.0.0 No description
6 warn package.json your-blog@1.0.0 No README data
7 verbose installManyTop reading scoped package data from /Users/elizabeththomas/tempMySite/MySite/node_modules/axios/package.json
8 verbose installManyTop reading scoped package data from /Users/elizabeththomas/tempMySite/MySite/node_modules/bcrypt-nodejs/package.json
9 verbose installManyTop reading scoped package data from /Users/elizabeththomas/tempMySite/MySite/node_modules/body-parser/package.json
10 verbose installManyTop reading scoped package data from /Users/elizabeththomas/tempMySite/MySite/node_modules/connect-flash/package.json
11 verbose installManyTop reading scoped package data from /Users/elizabeththomas/tempMySite/MySite/node_modules/cookie-parser/package.json
12 verbose installManyTop reading scoped package data from /Users/elizabeththomas/tempMySite/MySite/node_modules/ejs/package.json
13 verbose installManyTop reading scoped package data from /Users/elizabeththomas/tempMySite/MySite/node_modules/express/package.json
14 verbose installManyTop reading scoped package data from /Users/elizabeththomas/tempMySite/MySite/node_modules/express-session/package.json
15 verbose installManyTop reading scoped package data from /Users/elizabeththomas/tempMySite/MySite/node_modules/method-override/package.json
16 verbose installManyTop reading scoped package data from /Users/elizabeththomas/tempMySite/MySite/node_modules/mongodb-uri/package.json
17 verbose installManyTop reading scoped package data from /Users/elizabeththomas/tempMySite/MySite/node_modules/mongoose/package.json
18 verbose installManyTop reading scoped package data from /Users/elizabeththomas/tempMySite/MySite/node_modules/morgan/package.json
19 verbose installManyTop reading scoped package data from /Users/elizabeththomas/tempMySite/MySite/node_modules/ms/package.json
20 verbose installManyTop reading scoped package data from /Users/elizabeththomas/tempMySite/MySite/node_modules/passport/package.json
21 verbose installManyTop reading scoped package data from /Users/elizabeththomas/tempMySite/MySite/node_modules/passport-local/package.json
22 verbose readDependencies loading dependencies from /Users/elizabeththomas/tempMySite/MySite/package.json
23 silly cache add args [ 'subdocument', null ]
24 verbose cache add spec subdocument
25 silly cache add parsed spec Result {
25 silly cache add   raw: 'subdocument',
25 silly cache add   scope: null,
25 silly cache add   name: 'subdocument',
25 silly cache add   rawSpec: '',
25 silly cache add   spec: '*',
25 silly cache add   type: 'range' }
26 silly addNamed subdocument@*
27 verbose addNamed "*" is a valid semver range for subdocument
28 silly addNameRange { name: 'subdocument', range: '*', hasData: false }
29 silly mapToRegistry name subdocument
30 silly mapToRegistry using default registry
31 silly mapToRegistry registry https://registry.npmjs.org/
32 silly mapToRegistry uri https://registry.npmjs.org/subdocument
33 verbose addNameRange registry:https://registry.npmjs.org/subdocument not in flight; fetching
34 verbose request uri https://registry.npmjs.org/subdocument
35 verbose request no auth needed
36 info attempt registry request try #1 at 1:05:51 PM
37 verbose request id 727de9f3b88022d3
38 http request GET https://registry.npmjs.org/subdocument
39 http 404 https://registry.npmjs.org/subdocument
40 verbose headers { 'content-type': 'application/json',
40 verbose headers   'cache-control': 'max-age=0',
40 verbose headers   'content-length': '2',
40 verbose headers   'accept-ranges': 'bytes',
40 verbose headers   date: 'Thu, 19 Nov 2015 20:05:52 GMT',
40 verbose headers   via: '1.1 varnish',
40 verbose headers   age: '0',
40 verbose headers   connection: 'keep-alive',
40 verbose headers   'x-served-by': 'cache-lax1422-LAX',
40 verbose headers   'x-cache': 'MISS',
40 verbose headers   'x-cache-hits': '0',
40 verbose headers   'x-timer': 'S1447963552.324594,VS0,VE95' }
41 silly get cb [ 404,
41 silly get   { 'content-type': 'application/json',
41 silly get     'cache-control': 'max-age=0',
41 silly get     'content-length': '2',
41 silly get     'accept-ranges': 'bytes',
41 silly get     date: 'Thu, 19 Nov 2015 20:05:52 GMT',
41 silly get     via: '1.1 varnish',
41 silly get     age: '0',
41 silly get     connection: 'keep-alive',
41 silly get     'x-served-by': 'cache-lax1422-LAX',
41 silly get     'x-cache': 'MISS',
41 silly get     'x-cache-hits': '0',
41 silly get     'x-timer': 'S1447963552.324594,VS0,VE95' } ]
42 verbose stack Error: Registry returned 404 for GET on https://registry.npmjs.org/subdocument
42 verbose stack     at makeError (/usr/local/lib/node_modules/npm/node_modules/npm-registry-client/lib/request.js:263:12)
42 verbose stack     at CachingRegistryClient.<anonymous> (/usr/local/lib/node_modules/npm/node_modules/npm-registry-client/lib/request.js:241:14)
42 verbose stack     at Request._callback (/usr/local/lib/node_modules/npm/node_modules/npm-registry-client/lib/request.js:171:14)
42 verbose stack     at Request.self.callback (/usr/local/lib/node_modules/npm/node_modules/request/request.js:198:22)
42 verbose stack     at emitTwo (events.js:87:13)
42 verbose stack     at Request.emit (events.js:172:7)
42 verbose stack     at Request.<anonymous> (/usr/local/lib/node_modules/npm/node_modules/request/request.js:1073:14)
42 verbose stack     at emitOne (events.js:82:20)
42 verbose stack     at Request.emit (events.js:169:7)
42 verbose stack     at IncomingMessage.<anonymous> (/usr/local/lib/node_modules/npm/node_modules/request/request.js:1019:12)
43 verbose statusCode 404
44 verbose pkgid subdocument
45 verbose cwd /Users/elizabeththomas/tempMySite/MySite
46 error Darwin 15.0.0
47 error argv "/usr/local/bin/node" "/usr/local/bin/npm" "install" "subdocument" "--save"
48 error node v4.1.1
49 error npm  v2.14.4
50 error code E404
51 error 404 Registry returned 404 for GET on https://registry.npmjs.org/subdocument
51 error 404
51 error 404 'subdocument' is not in the npm registry.
51 error 404 You should bug the author to publish it (or use the name yourself!)
51 error 404 It was specified as a dependency of 'your-blog'
51 error 404
51 error 404 Note that you can also install from a
51 error 404 tarball, folder, http url, or git url.
52 verbose exit [ 1, true ]
